2013/07/10 12:37:53 [error] [exception.CException] exception 'CException' with message 'Object configuration must be an array containing a "class" element.' in /var/www/repo/dlatikov/api.ibm.dlatikov.web/vendor/yiisoft/yii/framework/YiiBase.php:193
Stack trace:
#0 /var/www/repo/dlatikov/api.ibm.dlatikov.web/vendor/yiisoft/yii/framework/base/CModule.php(386): YiiBase::createComponent(Array)
#1 /var/www/repo/dlatikov/api.ibm.dlatikov.web/vendor/yiisoft/yii/framework/web/CWebApplication.php(221): CModule->getComponent('viewRenderer')
#2 /var/www/repo/dlatikov/api.ibm.dlatikov.web/vendor/yiisoft/yii/framework/web/CController.php(695): CWebApplication->getViewRenderer()
#3 /var/www/repo/dlatikov/api.ibm.dlatikov.web/vendor/yiisoft/yii/framework/web/CController.php(591): CController->resolveViewFile('index', '/var/www/repo/d...', '/var/www/repo/d...', '/var/www/repo/d...')
#4 /var/www/repo/dlatikov/api.ibm.dlatikov.web/vendor/yiisoft/yii/framework/web/CController.php(867): CController->getViewFile('index')
#5 /var/www/repo/dlatikov/api.ibm.dlatikov.web/vendor/yiisoft/yii/framework/web/CController.php(782): CController->renderPartial('index', NULL, true)
#6 /var/www/repo/dlatikov/api.ibm.dlatikov.web/protected/controllers/SiteController.php(32): CController->render('index')
#7 /var/www/repo/dlatikov/api.ibm.dlatikov.web/vendor/yiisoft/yii/framework/web/actions/CInlineAction.php(49): SiteController->actionIndex()
#8 /var/www/repo/dlatikov/api.ibm.dlatikov.web/vendor/yiisoft/yii/framework/web/CController.php(308): CInlineAction->runWithParams(Array)
#9 /var/www/repo/dlatikov/api.ibm.dlatikov.web/vendor/yiisoft/yii/framework/web/CController.php(286): CController->runAction(Object(CInlineAction))
#10 /var/www/repo/dlatikov/api.ibm.dlatikov.web/vendor/yiisoft/yii/framework/web/CController.php(265): CController->runActionWithFilters(Object(CInlineAction), Array)
#11 /var/www/repo/dlatikov/api.ibm.dlatikov.web/vendor/yiisoft/yii/framework/web/CWebApplication.php(282): CController->run('')
#12 /var/www/repo/dlatikov/api.ibm.dlatikov.web/vendor/yiisoft/yii/framework/web/CWebApplication.php(141): CWebApplication->runController('')
#13 /var/www/repo/dlatikov/api.ibm.dlatikov.web/vendor/yiisoft/yii/framework/base/CApplication.php(169): CWebApplication->processRequest()
#14 /var/www/repo/dlatikov/api.ibm.dlatikov.web/htdocs/index.php(18): CApplication->run()
#15 {main}
REQUEST_URI=/
---
2013/07/10 12:38:50 [error] [exception.CException] exception 'CException' with message 'Object configuration must be an array containing a "class" element.' in /var/www/repo/dlatikov/api.ibm.dlatikov.web/vendor/yiisoft/yii/framework/YiiBase.php:193
Stack trace:
#0 /var/www/repo/dlatikov/api.ibm.dlatikov.web/vendor/yiisoft/yii/framework/base/CModule.php(386): YiiBase::createComponent(Array)
#1 /var/www/repo/dlatikov/api.ibm.dlatikov.web/vendor/yiisoft/yii/framework/web/CWebApplication.php(221): CModule->getComponent('viewRenderer')
#2 /var/www/repo/dlatikov/api.ibm.dlatikov.web/vendor/yiisoft/yii/framework/web/CController.php(695): CWebApplication->getViewRenderer()
#3 /var/www/repo/dlatikov/api.ibm.dlatikov.web/vendor/yiisoft/yii/framework/web/CController.php(591): CController->resolveViewFile('index', '/var/www/repo/d...', '/var/www/repo/d...', '/var/www/repo/d...')
#4 /var/www/repo/dlatikov/api.ibm.dlatikov.web/vendor/yiisoft/yii/framework/web/CController.php(867): CController->getViewFile('index')
#5 /var/www/repo/dlatikov/api.ibm.dlatikov.web/vendor/yiisoft/yii/framework/web/CController.php(782): CController->renderPartial('index', NULL, true)
#6 /var/www/repo/dlatikov/api.ibm.dlatikov.web/protected/controllers/SiteController.php(32): CController->render('index')
#7 /var/www/repo/dlatikov/api.ibm.dlatikov.web/vendor/yiisoft/yii/framework/web/actions/CInlineAction.php(49): SiteController->actionIndex()
#8 /var/www/repo/dlatikov/api.ibm.dlatikov.web/vendor/yiisoft/yii/framework/web/CController.php(308): CInlineAction->runWithParams(Array)
#9 /var/www/repo/dlatikov/api.ibm.dlatikov.web/vendor/yiisoft/yii/framework/web/CController.php(286): CController->runAction(Object(CInlineAction))
#10 /var/www/repo/dlatikov/api.ibm.dlatikov.web/vendor/yiisoft/yii/framework/web/CController.php(265): CController->runActionWithFilters(Object(CInlineAction), Array)
#11 /var/www/repo/dlatikov/api.ibm.dlatikov.web/vendor/yiisoft/yii/framework/web/CWebApplication.php(282): CController->run('')
#12 /var/www/repo/dlatikov/api.ibm.dlatikov.web/vendor/yiisoft/yii/framework/web/CWebApplication.php(141): CWebApplication->runController('')
#13 /var/www/repo/dlatikov/api.ibm.dlatikov.web/vendor/yiisoft/yii/framework/base/CApplication.php(169): CWebApplication->processRequest()
#14 /var/www/repo/dlatikov/api.ibm.dlatikov.web/htdocs/index.php(18): CApplication->run()
#15 {main}
REQUEST_URI=/
---
2013/07/10 12:38:57 [error] [exception.CException] exception 'CException' with message 'Object configuration must be an array containing a "class" element.' in /var/www/repo/dlatikov/api.ibm.dlatikov.web/vendor/yiisoft/yii/framework/YiiBase.php:193
Stack trace:
#0 /var/www/repo/dlatikov/api.ibm.dlatikov.web/vendor/yiisoft/yii/framework/base/CModule.php(386): YiiBase::createComponent(Array)
#1 /var/www/repo/dlatikov/api.ibm.dlatikov.web/vendor/yiisoft/yii/framework/web/CWebApplication.php(221): CModule->getComponent('viewRenderer')
#2 /var/www/repo/dlatikov/api.ibm.dlatikov.web/vendor/yiisoft/yii/framework/web/CController.php(695): CWebApplication->getViewRenderer()
#3 /var/www/repo/dlatikov/api.ibm.dlatikov.web/vendor/yiisoft/yii/framework/web/CController.php(591): CController->resolveViewFile('index', '/var/www/repo/d...', '/var/www/repo/d...', '/var/www/repo/d...')
#4 /var/www/repo/dlatikov/api.ibm.dlatikov.web/vendor/yiisoft/yii/framework/web/CController.php(867): CController->getViewFile('index')
#5 /var/www/repo/dlatikov/api.ibm.dlatikov.web/vendor/yiisoft/yii/framework/web/CController.php(782): CController->renderPartial('index', NULL, true)
#6 /var/www/repo/dlatikov/api.ibm.dlatikov.web/protected/controllers/SiteController.php(32): CController->render('index')
#7 /var/www/repo/dlatikov/api.ibm.dlatikov.web/vendor/yiisoft/yii/framework/web/actions/CInlineAction.php(49): SiteController->actionIndex()
#8 /var/www/repo/dlatikov/api.ibm.dlatikov.web/vendor/yiisoft/yii/framework/web/CController.php(308): CInlineAction->runWithParams(Array)
#9 /var/www/repo/dlatikov/api.ibm.dlatikov.web/vendor/yiisoft/yii/framework/web/CController.php(286): CController->runAction(Object(CInlineAction))
#10 /var/www/repo/dlatikov/api.ibm.dlatikov.web/vendor/yiisoft/yii/framework/web/CController.php(265): CController->runActionWithFilters(Object(CInlineAction), Array)
#11 /var/www/repo/dlatikov/api.ibm.dlatikov.web/vendor/yiisoft/yii/framework/web/CWebApplication.php(282): CController->run('')
#12 /var/www/repo/dlatikov/api.ibm.dlatikov.web/vendor/yiisoft/yii/framework/web/CWebApplication.php(141): CWebApplication->runController('')
#13 /var/www/repo/dlatikov/api.ibm.dlatikov.web/vendor/yiisoft/yii/framework/base/CApplication.php(169): CWebApplication->processRequest()
#14 /var/www/repo/dlatikov/api.ibm.dlatikov.web/htdocs/index.php(18): CApplication->run()
#15 {main}
REQUEST_URI=/
---
2013/07/10 12:38:58 [error] [exception.CException] exception 'CException' with message 'Object configuration must be an array containing a "class" element.' in /var/www/repo/dlatikov/api.ibm.dlatikov.web/vendor/yiisoft/yii/framework/YiiBase.php:193
Stack trace:
#0 /var/www/repo/dlatikov/api.ibm.dlatikov.web/vendor/yiisoft/yii/framework/base/CModule.php(386): YiiBase::createComponent(Array)
#1 /var/www/repo/dlatikov/api.ibm.dlatikov.web/vendor/yiisoft/yii/framework/web/CWebApplication.php(221): CModule->getComponent('viewRenderer')
#2 /var/www/repo/dlatikov/api.ibm.dlatikov.web/vendor/yiisoft/yii/framework/web/CController.php(695): CWebApplication->getViewRenderer()
#3 /var/www/repo/dlatikov/api.ibm.dlatikov.web/vendor/yiisoft/yii/framework/web/CController.php(591): CController->resolveViewFile('index', '/var/www/repo/d...', '/var/www/repo/d...', '/var/www/repo/d...')
#4 /var/www/repo/dlatikov/api.ibm.dlatikov.web/vendor/yiisoft/yii/framework/web/CController.php(867): CController->getViewFile('index')
#5 /var/www/repo/dlatikov/api.ibm.dlatikov.web/vendor/yiisoft/yii/framework/web/CController.php(782): CController->renderPartial('index', NULL, true)
#6 /var/www/repo/dlatikov/api.ibm.dlatikov.web/protected/controllers/SiteController.php(32): CController->render('index')
#7 /var/www/repo/dlatikov/api.ibm.dlatikov.web/vendor/yiisoft/yii/framework/web/actions/CInlineAction.php(49): SiteController->actionIndex()
#8 /var/www/repo/dlatikov/api.ibm.dlatikov.web/vendor/yiisoft/yii/framework/web/CController.php(308): CInlineAction->runWithParams(Array)
#9 /var/www/repo/dlatikov/api.ibm.dlatikov.web/vendor/yiisoft/yii/framework/web/CController.php(286): CController->runAction(Object(CInlineAction))
#10 /var/www/repo/dlatikov/api.ibm.dlatikov.web/vendor/yiisoft/yii/framework/web/CController.php(265): CController->runActionWithFilters(Object(CInlineAction), Array)
#11 /var/www/repo/dlatikov/api.ibm.dlatikov.web/vendor/yiisoft/yii/framework/web/CWebApplication.php(282): CController->run('')
#12 /var/www/repo/dlatikov/api.ibm.dlatikov.web/vendor/yiisoft/yii/framework/web/CWebApplication.php(141): CWebApplication->runController('')
#13 /var/www/repo/dlatikov/api.ibm.dlatikov.web/vendor/yiisoft/yii/framework/base/CApplication.php(169): CWebApplication->processRequest()
#14 /var/www/repo/dlatikov/api.ibm.dlatikov.web/htdocs/index.php(18): CApplication->run()
#15 {main}
REQUEST_URI=/
---
2013/07/10 12:38:58 [error] [exception.CException] exception 'CException' with message 'Object configuration must be an array containing a "class" element.' in /var/www/repo/dlatikov/api.ibm.dlatikov.web/vendor/yiisoft/yii/framework/YiiBase.php:193
Stack trace:
#0 /var/www/repo/dlatikov/api.ibm.dlatikov.web/vendor/yiisoft/yii/framework/base/CModule.php(386): YiiBase::createComponent(Array)
#1 /var/www/repo/dlatikov/api.ibm.dlatikov.web/vendor/yiisoft/yii/framework/web/CWebApplication.php(221): CModule->getComponent('viewRenderer')
#2 /var/www/repo/dlatikov/api.ibm.dlatikov.web/vendor/yiisoft/yii/framework/web/CController.php(695): CWebApplication->getViewRenderer()
#3 /var/www/repo/dlatikov/api.ibm.dlatikov.web/vendor/yiisoft/yii/framework/web/CController.php(591): CController->resolveViewFile('index', '/var/www/repo/d...', '/var/www/repo/d...', '/var/www/repo/d...')
#4 /var/www/repo/dlatikov/api.ibm.dlatikov.web/vendor/yiisoft/yii/framework/web/CController.php(867): CController->getViewFile('index')
#5 /var/www/repo/dlatikov/api.ibm.dlatikov.web/vendor/yiisoft/yii/framework/web/CController.php(782): CController->renderPartial('index', NULL, true)
#6 /var/www/repo/dlatikov/api.ibm.dlatikov.web/protected/controllers/SiteController.php(32): CController->render('index')
#7 /var/www/repo/dlatikov/api.ibm.dlatikov.web/vendor/yiisoft/yii/framework/web/actions/CInlineAction.php(49): SiteController->actionIndex()
#8 /var/www/repo/dlatikov/api.ibm.dlatikov.web/vendor/yiisoft/yii/framework/web/CController.php(308): CInlineAction->runWithParams(Array)
#9 /var/www/repo/dlatikov/api.ibm.dlatikov.web/vendor/yiisoft/yii/framework/web/CController.php(286): CController->runAction(Object(CInlineAction))
#10 /var/www/repo/dlatikov/api.ibm.dlatikov.web/vendor/yiisoft/yii/framework/web/CController.php(265): CController->runActionWithFilters(Object(CInlineAction), Array)
#11 /var/www/repo/dlatikov/api.ibm.dlatikov.web/vendor/yiisoft/yii/framework/web/CWebApplication.php(282): CController->run('')
#12 /var/www/repo/dlatikov/api.ibm.dlatikov.web/vendor/yiisoft/yii/framework/web/CWebApplication.php(141): CWebApplication->runController('')
#13 /var/www/repo/dlatikov/api.ibm.dlatikov.web/vendor/yiisoft/yii/framework/base/CApplication.php(169): CWebApplication->processRequest()
#14 /var/www/repo/dlatikov/api.ibm.dlatikov.web/htdocs/index.php(18): CApplication->run()
#15 {main}
REQUEST_URI=/
---
2013/07/10 12:42:28 [error] [exception.CException] exception 'CException' with message 'Object configuration must be an array containing a "class" element.' in /var/www/repo/dlatikov/api.ibm.dlatikov.web/vendor/yiisoft/yii/framework/YiiBase.php:193
Stack trace:
#0 /var/www/repo/dlatikov/api.ibm.dlatikov.web/vendor/yiisoft/yii/framework/base/CModule.php(386): YiiBase::createComponent(Array)
#1 /var/www/repo/dlatikov/api.ibm.dlatikov.web/vendor/yiisoft/yii/framework/web/CWebApplication.php(221): CModule->getComponent('viewRenderer')
#2 /var/www/repo/dlatikov/api.ibm.dlatikov.web/vendor/yiisoft/yii/framework/web/CController.php(695): CWebApplication->getViewRenderer()
#3 /var/www/repo/dlatikov/api.ibm.dlatikov.web/vendor/yiisoft/yii/framework/web/CController.php(591): CController->resolveViewFile('index', '/var/www/repo/d...', '/var/www/repo/d...', '/var/www/repo/d...')
#4 /var/www/repo/dlatikov/api.ibm.dlatikov.web/vendor/yiisoft/yii/framework/web/CController.php(867): CController->getViewFile('index')
#5 /var/www/repo/dlatikov/api.ibm.dlatikov.web/vendor/yiisoft/yii/framework/web/CController.php(782): CController->renderPartial('index', NULL, true)
#6 /var/www/repo/dlatikov/api.ibm.dlatikov.web/protected/controllers/SiteController.php(32): CController->render('index')
#7 /var/www/repo/dlatikov/api.ibm.dlatikov.web/vendor/yiisoft/yii/framework/web/actions/CInlineAction.php(49): SiteController->actionIndex()
#8 /var/www/repo/dlatikov/api.ibm.dlatikov.web/vendor/yiisoft/yii/framework/web/CController.php(308): CInlineAction->runWithParams(Array)
#9 /var/www/repo/dlatikov/api.ibm.dlatikov.web/vendor/yiisoft/yii/framework/web/CController.php(286): CController->runAction(Object(CInlineAction))
#10 /var/www/repo/dlatikov/api.ibm.dlatikov.web/vendor/yiisoft/yii/framework/web/CController.php(265): CController->runActionWithFilters(Object(CInlineAction), Array)
#11 /var/www/repo/dlatikov/api.ibm.dlatikov.web/vendor/yiisoft/yii/framework/web/CWebApplication.php(282): CController->run('')
#12 /var/www/repo/dlatikov/api.ibm.dlatikov.web/vendor/yiisoft/yii/framework/web/CWebApplication.php(141): CWebApplication->runController('')
#13 /var/www/repo/dlatikov/api.ibm.dlatikov.web/vendor/yiisoft/yii/framework/base/CApplication.php(169): CWebApplication->processRequest()
#14 /var/www/repo/dlatikov/api.ibm.dlatikov.web/htdocs/index.php(17): CApplication->run()
#15 {main}
REQUEST_URI=/
---
2013/07/10 12:42:30 [error] [exception.CException] exception 'CException' with message 'Object configuration must be an array containing a "class" element.' in /var/www/repo/dlatikov/api.ibm.dlatikov.web/vendor/yiisoft/yii/framework/YiiBase.php:193
Stack trace:
#0 /var/www/repo/dlatikov/api.ibm.dlatikov.web/vendor/yiisoft/yii/framework/base/CModule.php(386): YiiBase::createComponent(Array)
#1 /var/www/repo/dlatikov/api.ibm.dlatikov.web/vendor/yiisoft/yii/framework/web/CWebApplication.php(221): CModule->getComponent('viewRenderer')
#2 /var/www/repo/dlatikov/api.ibm.dlatikov.web/vendor/yiisoft/yii/framework/web/CController.php(695): CWebApplication->getViewRenderer()
#3 /var/www/repo/dlatikov/api.ibm.dlatikov.web/vendor/yiisoft/yii/framework/web/CController.php(591): CController->resolveViewFile('index', '/var/www/repo/d...', '/var/www/repo/d...', '/var/www/repo/d...')
#4 /var/www/repo/dlatikov/api.ibm.dlatikov.web/vendor/yiisoft/yii/framework/web/CController.php(867): CController->getViewFile('index')
#5 /var/www/repo/dlatikov/api.ibm.dlatikov.web/vendor/yiisoft/yii/framework/web/CController.php(782): CController->renderPartial('index', NULL, true)
#6 /var/www/repo/dlatikov/api.ibm.dlatikov.web/protected/controllers/SiteController.php(32): CController->render('index')
#7 /var/www/repo/dlatikov/api.ibm.dlatikov.web/vendor/yiisoft/yii/framework/web/actions/CInlineAction.php(49): SiteController->actionIndex()
#8 /var/www/repo/dlatikov/api.ibm.dlatikov.web/vendor/yiisoft/yii/framework/web/CController.php(308): CInlineAction->runWithParams(Array)
#9 /var/www/repo/dlatikov/api.ibm.dlatikov.web/vendor/yiisoft/yii/framework/web/CController.php(286): CController->runAction(Object(CInlineAction))
#10 /var/www/repo/dlatikov/api.ibm.dlatikov.web/vendor/yiisoft/yii/framework/web/CController.php(265): CController->runActionWithFilters(Object(CInlineAction), Array)
#11 /var/www/repo/dlatikov/api.ibm.dlatikov.web/vendor/yiisoft/yii/framework/web/CWebApplication.php(282): CController->run('')
#12 /var/www/repo/dlatikov/api.ibm.dlatikov.web/vendor/yiisoft/yii/framework/web/CWebApplication.php(141): CWebApplication->runController('')
#13 /var/www/repo/dlatikov/api.ibm.dlatikov.web/vendor/yiisoft/yii/framework/base/CApplication.php(169): CWebApplication->processRequest()
#14 /var/www/repo/dlatikov/api.ibm.dlatikov.web/htdocs/index.php(17): CApplication->run()
#15 {main}
REQUEST_URI=/
---
2013/07/10 12:42:30 [error] [exception.CException] exception 'CException' with message 'Object configuration must be an array containing a "class" element.' in /var/www/repo/dlatikov/api.ibm.dlatikov.web/vendor/yiisoft/yii/framework/YiiBase.php:193
Stack trace:
#0 /var/www/repo/dlatikov/api.ibm.dlatikov.web/vendor/yiisoft/yii/framework/base/CModule.php(386): YiiBase::createComponent(Array)
#1 /var/www/repo/dlatikov/api.ibm.dlatikov.web/vendor/yiisoft/yii/framework/web/CWebApplication.php(221): CModule->getComponent('viewRenderer')
#2 /var/www/repo/dlatikov/api.ibm.dlatikov.web/vendor/yiisoft/yii/framework/web/CController.php(695): CWebApplication->getViewRenderer()
#3 /var/www/repo/dlatikov/api.ibm.dlatikov.web/vendor/yiisoft/yii/framework/web/CController.php(591): CController->resolveViewFile('index', '/var/www/repo/d...', '/var/www/repo/d...', '/var/www/repo/d...')
#4 /var/www/repo/dlatikov/api.ibm.dlatikov.web/vendor/yiisoft/yii/framework/web/CController.php(867): CController->getViewFile('index')
#5 /var/www/repo/dlatikov/api.ibm.dlatikov.web/vendor/yiisoft/yii/framework/web/CController.php(782): CController->renderPartial('index', NULL, true)
#6 /var/www/repo/dlatikov/api.ibm.dlatikov.web/protected/controllers/SiteController.php(32): CController->render('index')
#7 /var/www/repo/dlatikov/api.ibm.dlatikov.web/vendor/yiisoft/yii/framework/web/actions/CInlineAction.php(49): SiteController->actionIndex()
#8 /var/www/repo/dlatikov/api.ibm.dlatikov.web/vendor/yiisoft/yii/framework/web/CController.php(308): CInlineAction->runWithParams(Array)
#9 /var/www/repo/dlatikov/api.ibm.dlatikov.web/vendor/yiisoft/yii/framework/web/CController.php(286): CController->runAction(Object(CInlineAction))
#10 /var/www/repo/dlatikov/api.ibm.dlatikov.web/vendor/yiisoft/yii/framework/web/CController.php(265): CController->runActionWithFilters(Object(CInlineAction), Array)
#11 /var/www/repo/dlatikov/api.ibm.dlatikov.web/vendor/yiisoft/yii/framework/web/CWebApplication.php(282): CController->run('')
#12 /var/www/repo/dlatikov/api.ibm.dlatikov.web/vendor/yiisoft/yii/framework/web/CWebApplication.php(141): CWebApplication->runController('')
#13 /var/www/repo/dlatikov/api.ibm.dlatikov.web/vendor/yiisoft/yii/framework/base/CApplication.php(169): CWebApplication->processRequest()
#14 /var/www/repo/dlatikov/api.ibm.dlatikov.web/htdocs/index.php(17): CApplication->run()
#15 {main}
REQUEST_URI=/
---
2013/07/10 12:42:30 [error] [exception.CException] exception 'CException' with message 'Object configuration must be an array containing a "class" element.' in /var/www/repo/dlatikov/api.ibm.dlatikov.web/vendor/yiisoft/yii/framework/YiiBase.php:193
Stack trace:
#0 /var/www/repo/dlatikov/api.ibm.dlatikov.web/vendor/yiisoft/yii/framework/base/CModule.php(386): YiiBase::createComponent(Array)
#1 /var/www/repo/dlatikov/api.ibm.dlatikov.web/vendor/yiisoft/yii/framework/web/CWebApplication.php(221): CModule->getComponent('viewRenderer')
#2 /var/www/repo/dlatikov/api.ibm.dlatikov.web/vendor/yiisoft/yii/framework/web/CController.php(695): CWebApplication->getViewRenderer()
#3 /var/www/repo/dlatikov/api.ibm.dlatikov.web/vendor/yiisoft/yii/framework/web/CController.php(591): CController->resolveViewFile('index', '/var/www/repo/d...', '/var/www/repo/d...', '/var/www/repo/d...')
#4 /var/www/repo/dlatikov/api.ibm.dlatikov.web/vendor/yiisoft/yii/framework/web/CController.php(867): CController->getViewFile('index')
#5 /var/www/repo/dlatikov/api.ibm.dlatikov.web/vendor/yiisoft/yii/framework/web/CController.php(782): CController->renderPartial('index', NULL, true)
#6 /var/www/repo/dlatikov/api.ibm.dlatikov.web/protected/controllers/SiteController.php(32): CController->render('index')
#7 /var/www/repo/dlatikov/api.ibm.dlatikov.web/vendor/yiisoft/yii/framework/web/actions/CInlineAction.php(49): SiteController->actionIndex()
#8 /var/www/repo/dlatikov/api.ibm.dlatikov.web/vendor/yiisoft/yii/framework/web/CController.php(308): CInlineAction->runWithParams(Array)
#9 /var/www/repo/dlatikov/api.ibm.dlatikov.web/vendor/yiisoft/yii/framework/web/CController.php(286): CController->runAction(Object(CInlineAction))
#10 /var/www/repo/dlatikov/api.ibm.dlatikov.web/vendor/yiisoft/yii/framework/web/CController.php(265): CController->runActionWithFilters(Object(CInlineAction), Array)
#11 /var/www/repo/dlatikov/api.ibm.dlatikov.web/vendor/yiisoft/yii/framework/web/CWebApplication.php(282): CController->run('')
#12 /var/www/repo/dlatikov/api.ibm.dlatikov.web/vendor/yiisoft/yii/framework/web/CWebApplication.php(141): CWebApplication->runController('')
#13 /var/www/repo/dlatikov/api.ibm.dlatikov.web/vendor/yiisoft/yii/framework/base/CApplication.php(169): CWebApplication->processRequest()
#14 /var/www/repo/dlatikov/api.ibm.dlatikov.web/htdocs/index.php(17): CApplication->run()
#15 {main}
REQUEST_URI=/
---
2013/07/10 12:42:31 [error] [exception.CException] exception 'CException' with message 'Object configuration must be an array containing a "class" element.' in /var/www/repo/dlatikov/api.ibm.dlatikov.web/vendor/yiisoft/yii/framework/YiiBase.php:193
Stack trace:
#0 /var/www/repo/dlatikov/api.ibm.dlatikov.web/vendor/yiisoft/yii/framework/base/CModule.php(386): YiiBase::createComponent(Array)
#1 /var/www/repo/dlatikov/api.ibm.dlatikov.web/vendor/yiisoft/yii/framework/web/CWebApplication.php(221): CModule->getComponent('viewRenderer')
#2 /var/www/repo/dlatikov/api.ibm.dlatikov.web/vendor/yiisoft/yii/framework/web/CController.php(695): CWebApplication->getViewRenderer()
#3 /var/www/repo/dlatikov/api.ibm.dlatikov.web/vendor/yiisoft/yii/framework/web/CController.php(591): CController->resolveViewFile('index', '/var/www/repo/d...', '/var/www/repo/d...', '/var/www/repo/d...')
#4 /var/www/repo/dlatikov/api.ibm.dlatikov.web/vendor/yiisoft/yii/framework/web/CController.php(867): CController->getViewFile('index')
#5 /var/www/repo/dlatikov/api.ibm.dlatikov.web/vendor/yiisoft/yii/framework/web/CController.php(782): CController->renderPartial('index', NULL, true)
#6 /var/www/repo/dlatikov/api.ibm.dlatikov.web/protected/controllers/SiteController.php(32): CController->render('index')
#7 /var/www/repo/dlatikov/api.ibm.dlatikov.web/vendor/yiisoft/yii/framework/web/actions/CInlineAction.php(49): SiteController->actionIndex()
#8 /var/www/repo/dlatikov/api.ibm.dlatikov.web/vendor/yiisoft/yii/framework/web/CController.php(308): CInlineAction->runWithParams(Array)
#9 /var/www/repo/dlatikov/api.ibm.dlatikov.web/vendor/yiisoft/yii/framework/web/CController.php(286): CController->runAction(Object(CInlineAction))
#10 /var/www/repo/dlatikov/api.ibm.dlatikov.web/vendor/yiisoft/yii/framework/web/CController.php(265): CController->runActionWithFilters(Object(CInlineAction), Array)
#11 /var/www/repo/dlatikov/api.ibm.dlatikov.web/vendor/yiisoft/yii/framework/web/CWebApplication.php(282): CController->run('')
#12 /var/www/repo/dlatikov/api.ibm.dlatikov.web/vendor/yiisoft/yii/framework/web/CWebApplication.php(141): CWebApplication->runController('')
#13 /var/www/repo/dlatikov/api.ibm.dlatikov.web/vendor/yiisoft/yii/framework/base/CApplication.php(169): CWebApplication->processRequest()
#14 /var/www/repo/dlatikov/api.ibm.dlatikov.web/htdocs/index.php(17): CApplication->run()
#15 {main}
REQUEST_URI=/
---
2013/07/10 12:42:31 [error] [exception.CException] exception 'CException' with message 'Object configuration must be an array containing a "class" element.' in /var/www/repo/dlatikov/api.ibm.dlatikov.web/vendor/yiisoft/yii/framework/YiiBase.php:193
Stack trace:
#0 /var/www/repo/dlatikov/api.ibm.dlatikov.web/vendor/yiisoft/yii/framework/base/CModule.php(386): YiiBase::createComponent(Array)
#1 /var/www/repo/dlatikov/api.ibm.dlatikov.web/vendor/yiisoft/yii/framework/web/CWebApplication.php(221): CModule->getComponent('viewRenderer')
#2 /var/www/repo/dlatikov/api.ibm.dlatikov.web/vendor/yiisoft/yii/framework/web/CController.php(695): CWebApplication->getViewRenderer()
#3 /var/www/repo/dlatikov/api.ibm.dlatikov.web/vendor/yiisoft/yii/framework/web/CController.php(591): CController->resolveViewFile('index', '/var/www/repo/d...', '/var/www/repo/d...', '/var/www/repo/d...')
#4 /var/www/repo/dlatikov/api.ibm.dlatikov.web/vendor/yiisoft/yii/framework/web/CController.php(867): CController->getViewFile('index')
#5 /var/www/repo/dlatikov/api.ibm.dlatikov.web/vendor/yiisoft/yii/framework/web/CController.php(782): CController->renderPartial('index', NULL, true)
#6 /var/www/repo/dlatikov/api.ibm.dlatikov.web/protected/controllers/SiteController.php(32): CController->render('index')
#7 /var/www/repo/dlatikov/api.ibm.dlatikov.web/vendor/yiisoft/yii/framework/web/actions/CInlineAction.php(49): SiteController->actionIndex()
#8 /var/www/repo/dlatikov/api.ibm.dlatikov.web/vendor/yiisoft/yii/framework/web/CController.php(308): CInlineAction->runWithParams(Array)
#9 /var/www/repo/dlatikov/api.ibm.dlatikov.web/vendor/yiisoft/yii/framework/web/CController.php(286): CController->runAction(Object(CInlineAction))
#10 /var/www/repo/dlatikov/api.ibm.dlatikov.web/vendor/yiisoft/yii/framework/web/CController.php(265): CController->runActionWithFilters(Object(CInlineAction), Array)
#11 /var/www/repo/dlatikov/api.ibm.dlatikov.web/vendor/yiisoft/yii/framework/web/CWebApplication.php(282): CController->run('')
#12 /var/www/repo/dlatikov/api.ibm.dlatikov.web/vendor/yiisoft/yii/framework/web/CWebApplication.php(141): CWebApplication->runController('')
#13 /var/www/repo/dlatikov/api.ibm.dlatikov.web/vendor/yiisoft/yii/framework/base/CApplication.php(169): CWebApplication->processRequest()
#14 /var/www/repo/dlatikov/api.ibm.dlatikov.web/htdocs/index.php(17): CApplication->run()
#15 {main}
REQUEST_URI=/
---
2013/07/10 12:42:31 [error] [exception.CException] exception 'CException' with message 'Object configuration must be an array containing a "class" element.' in /var/www/repo/dlatikov/api.ibm.dlatikov.web/vendor/yiisoft/yii/framework/YiiBase.php:193
Stack trace:
#0 /var/www/repo/dlatikov/api.ibm.dlatikov.web/vendor/yiisoft/yii/framework/base/CModule.php(386): YiiBase::createComponent(Array)
#1 /var/www/repo/dlatikov/api.ibm.dlatikov.web/vendor/yiisoft/yii/framework/web/CWebApplication.php(221): CModule->getComponent('viewRenderer')
#2 /var/www/repo/dlatikov/api.ibm.dlatikov.web/vendor/yiisoft/yii/framework/web/CController.php(695): CWebApplication->getViewRenderer()
#3 /var/www/repo/dlatikov/api.ibm.dlatikov.web/vendor/yiisoft/yii/framework/web/CController.php(591): CController->resolveViewFile('index', '/var/www/repo/d...', '/var/www/repo/d...', '/var/www/repo/d...')
#4 /var/www/repo/dlatikov/api.ibm.dlatikov.web/vendor/yiisoft/yii/framework/web/CController.php(867): CController->getViewFile('index')
#5 /var/www/repo/dlatikov/api.ibm.dlatikov.web/vendor/yiisoft/yii/framework/web/CController.php(782): CController->renderPartial('index', NULL, true)
#6 /var/www/repo/dlatikov/api.ibm.dlatikov.web/protected/controllers/SiteController.php(32): CController->render('index')
#7 /var/www/repo/dlatikov/api.ibm.dlatikov.web/vendor/yiisoft/yii/framework/web/actions/CInlineAction.php(49): SiteController->actionIndex()
#8 /var/www/repo/dlatikov/api.ibm.dlatikov.web/vendor/yiisoft/yii/framework/web/CController.php(308): CInlineAction->runWithParams(Array)
#9 /var/www/repo/dlatikov/api.ibm.dlatikov.web/vendor/yiisoft/yii/framework/web/CController.php(286): CController->runAction(Object(CInlineAction))
#10 /var/www/repo/dlatikov/api.ibm.dlatikov.web/vendor/yiisoft/yii/framework/web/CController.php(265): CController->runActionWithFilters(Object(CInlineAction), Array)
#11 /var/www/repo/dlatikov/api.ibm.dlatikov.web/vendor/yiisoft/yii/framework/web/CWebApplication.php(282): CController->run('')
#12 /var/www/repo/dlatikov/api.ibm.dlatikov.web/vendor/yiisoft/yii/framework/web/CWebApplication.php(141): CWebApplication->runController('')
#13 /var/www/repo/dlatikov/api.ibm.dlatikov.web/vendor/yiisoft/yii/framework/base/CApplication.php(169): CWebApplication->processRequest()
#14 /var/www/repo/dlatikov/api.ibm.dlatikov.web/htdocs/index.php(17): CApplication->run()
#15 {main}
REQUEST_URI=/
---
2013/07/10 12:46:40 [error] [exception.CException] exception 'CException' with message 'Object configuration must be an array containing a "class" element.' in /var/www/repo/dlatikov/api.ibm.dlatikov.web/vendor/yiisoft/yii/framework/YiiBase.php:193
Stack trace:
#0 /var/www/repo/dlatikov/api.ibm.dlatikov.web/vendor/yiisoft/yii/framework/base/CModule.php(386): YiiBase::createComponent(Array)
#1 /var/www/repo/dlatikov/api.ibm.dlatikov.web/vendor/yiisoft/yii/framework/web/CWebApplication.php(221): CModule->getComponent('viewRenderer')
#2 /var/www/repo/dlatikov/api.ibm.dlatikov.web/vendor/yiisoft/yii/framework/web/CController.php(695): CWebApplication->getViewRenderer()
#3 /var/www/repo/dlatikov/api.ibm.dlatikov.web/vendor/yiisoft/yii/framework/web/CController.php(591): CController->resolveViewFile('index', '/var/www/repo/d...', '/var/www/repo/d...', '/var/www/repo/d...')
#4 /var/www/repo/dlatikov/api.ibm.dlatikov.web/vendor/yiisoft/yii/framework/web/CController.php(867): CController->getViewFile('index')
#5 /var/www/repo/dlatikov/api.ibm.dlatikov.web/vendor/yiisoft/yii/framework/web/CController.php(782): CController->renderPartial('index', NULL, true)
#6 /var/www/repo/dlatikov/api.ibm.dlatikov.web/protected/controllers/SiteController.php(32): CController->render('index')
#7 /var/www/repo/dlatikov/api.ibm.dlatikov.web/vendor/yiisoft/yii/framework/web/actions/CInlineAction.php(49): SiteController->actionIndex()
#8 /var/www/repo/dlatikov/api.ibm.dlatikov.web/vendor/yiisoft/yii/framework/web/CController.php(308): CInlineAction->runWithParams(Array)
#9 /var/www/repo/dlatikov/api.ibm.dlatikov.web/vendor/yiisoft/yii/framework/web/CController.php(286): CController->runAction(Object(CInlineAction))
#10 /var/www/repo/dlatikov/api.ibm.dlatikov.web/vendor/yiisoft/yii/framework/web/CController.php(265): CController->runActionWithFilters(Object(CInlineAction), Array)
#11 /var/www/repo/dlatikov/api.ibm.dlatikov.web/vendor/yiisoft/yii/framework/web/CWebApplication.php(282): CController->run('')
#12 /var/www/repo/dlatikov/api.ibm.dlatikov.web/vendor/yiisoft/yii/framework/web/CWebApplication.php(141): CWebApplication->runController('')
#13 /var/www/repo/dlatikov/api.ibm.dlatikov.web/vendor/yiisoft/yii/framework/base/CApplication.php(169): CWebApplication->processRequest()
#14 /var/www/repo/dlatikov/api.ibm.dlatikov.web/htdocs/index.php(19): CApplication->run()
#15 {main}
REQUEST_URI=/
---
